<html>
<head>
<title>TestNG:  Dollar Days Test</title>
<link href="../testng.css" rel="stylesheet" type="text/css" />
<link href="../my-testng.css" rel="stylesheet" type="text/css" />

<style type="text/css">
.log { display: none;} 
.stack-trace { display: none;} 
</style>
<script type="text/javascript">
<!--
function flip(e) {
  current = e.style.display;
  if (current == 'block') {
    e.style.display = 'none';
    return 0;
  }
  else {
    e.style.display = 'block';
    return 1;
  }
}

function toggleBox(szDivId, elem, msg1, msg2)
{
  var res = -1;  if (document.getElementById) {
    res = flip(document.getElementById(szDivId));
  }
  else if (document.all) {
    // this is the way old msie versions work
    res = flip(document.all[szDivId]);
  }
  if(elem) {
    if(res == 0) elem.innerHTML = msg1; else elem.innerHTML = msg2;
  }

}

function toggleAllBoxes() {
  if (document.getElementsByTagName) {
    d = document.getElementsByTagName('div');
    for (i = 0; i < d.length; i++) {
      if (d[i].className == 'log') {
        flip(d[i]);
      }
    }
  }
}

// -->
</script>

</head>
<body>
<h2 align='center'>Dollar Days Test</h2><table border='1' align="center">
<tr>
<td>Tests passed/Failed/Skipped:</td><td>9/3/0</td>
</tr><tr>
<td>Started on:</td><td>Mon Oct 05 21:22:32 EDT 2020</td>
</tr>
<tr><td>Total time:</td><td>95 seconds (95107 ms)</td>
</tr><tr>
<td>Included groups:</td><td></td>
</tr><tr>
<td>Excluded groups:</td><td></td>
</tr>
</table><p/>
<small><i>(Hover the method name to see the test class name)</i></small><p/>
<table width='100%' border='1' class='invocation-failed'>
<tr><td colspan='4' align='center'><b>FAILED TESTS</b></td></tr>
<tr><td><b>Test method</b></td>
<td width="30%"><b>Exception</b></td>
<td width="10%"><b>Time (seconds)</b></td>
<td><b>Instance</b></td>
</tr>
<tr>
<td title='com.dollardays.testcases.SubmitARequestTestcase.TC1_submitARequestPage()'><b>TC1_submitARequestPage</b><br>Test class: com.dollardays.testcases.SubmitARequestTestcase<br>Parameters: {TestCase=Submit A Request with valid data , TCID=TC1, SheetName=SubmitRequestPage, Runmode=yes , Order Number=7890, UserName=srikanthtesting100@gmail.com, Phone Number=8090900890, Password=cGFzc3dvcmQxMjM=, Message=This product has damage, Select RequestType=Damage}</td>
<td><div><pre>org.openqa.selenium.WebDriverException: element click intercepted: Element &lt;input name=&quot;ctl00$cphContent$txtOrderNo&quot; type=&quot;text&quot; id=&quot;ctl00_cphContent_txtOrderNo&quot; class=&quot;form-control numerictxtbx&quot; placeholder=&quot;OrderNo&quot;&gt; is not clickable at point (687, 415). Other element would receive the click: &lt;p&gt;...&lt;/p&gt;
  (Session info: headless chrome=85.0.4183.121)
  (Driver info: chromedriver=85.0.4183.87 (cd6713ebf92fa1cacc0f1a598df280093af0c5d7-refs/branch-heads/4183@{#1689}),platform=Windows NT 10.0.18362 x86_64) (WARNING: The server did not provide any stacktrace information)
Command duration or timeout: 1.13 seconds
Build info: version: &apos;2.53.1&apos;, revision: &apos;a36b8b1cd5757287168e54b817830adce9b0158d&apos;, time: &apos;2016-06-30 19:26:09&apos;
System info: host: &apos;MININT-UM25UFB&apos;, ip: &apos;10.0.75.1&apos;, os.name: &apos;Windows 10&apos;, os.arch: &apos;amd64&apos;, os.version: &apos;10.0&apos;, java.version: &apos;1.8.0_261&apos;
Driver info: org.openqa.selenium.chrome.ChromeDriver
Capabilities [{mobileEmulationEnabled=false, timeouts={implicit=0, pageLoad=300000, script=30000}, hasTouchScreen=false, platform=XP, acceptSslCerts=false, goog:chromeOptions={debuggerAddress=localhost:55078}, acceptInsecureCerts=false, webStorageEnabled=true, browserName=chrome, takesScreenshot=true, javascriptEnabled=true, setWindowRect=true, unexpectedAlertBehaviour=ignore, applicationCacheEnabled=false, rotatable=false, networkConnectionEnabled=false, chrome={chromedriverVersion=85.0.4183.87 (cd6713ebf92fa1cacc0f1a598df280093af0c5d7-refs/branch-heads/4183@{#1689}), userDataDir=C:\Users\Rajesh\AppData\Local\Temp\scoped_dir3680_1435784058}, takesHeapSnapshot=true, pageLoadStrategy=normal, strictFileInteractability=false, databaseEnabled=false, handlesAlerts=true, version=85.0.4183.121, browserConnectionEnabled=false, proxy={}, nativeEvents=true, locationContextEnabled=true, cssSelectorsEnabled=true, webauthn:virtualAuthenticators=true}]
Session ID: 51f193fe00293206f7d4d1a3eff28b02
	at org.openqa.selenium.remote.ErrorHandler.createThrowable(ErrorHandler.java:206)
	at org.openqa.selenium.remote.ErrorHandler.throwIfResponseFailed(ErrorHandler.java:158)
	at org.openqa.selenium.remote.RemoteWebDriver.execute(RemoteWebDriver.java:678)
	at org.openqa.selenium.remote.RemoteWebElement.execute(RemoteWebElement.java:327)
	at org.openqa.selenium.remote.RemoteWebElement.click(RemoteWebElement.java:85)
	at org.openqa.selenium.support.pagefactory.internal.LocatingElementHandler.invoke(LocatingElementHandler.java:51)
	at com.sun.proxy.$Proxy11.click(Unknown Source)
	at com.dollardays.testcases.SubmitARequestTestcase.TC1_submitARequestPage(SubmitARequestTestcase.java:50)
	at java.util.concurrent.ThreadPoolExecutor.runWorker(ThreadPoolExecutor.java:1149)
	at java.util.concurrent.ThreadPoolExecutor$Worker.run(ThreadPoolExecutor.java:624)
	at java.lang.Thread.run(Thread.java:748)
... Removed 20 stack frames</pre></div><a href='#' onClick='toggleBox("stack-trace529774647", this, "Click to show all stack frames", "Click to hide stack frames")'>Click to show all stack frames</a>
<div class='stack-trace' id='stack-trace529774647'><pre>org.openqa.selenium.WebDriverException: element click intercepted: Element &lt;input name=&quot;ctl00$cphContent$txtOrderNo&quot; type=&quot;text&quot; id=&quot;ctl00_cphContent_txtOrderNo&quot; class=&quot;form-control numerictxtbx&quot; placeholder=&quot;OrderNo&quot;&gt; is not clickable at point (687, 415). Other element would receive the click: &lt;p&gt;...&lt;/p&gt;
  (Session info: headless chrome=85.0.4183.121)
  (Driver info: chromedriver=85.0.4183.87 (cd6713ebf92fa1cacc0f1a598df280093af0c5d7-refs/branch-heads/4183@{#1689}),platform=Windows NT 10.0.18362 x86_64) (WARNING: The server did not provide any stacktrace information)
Command duration or timeout: 1.13 seconds
Build info: version: &apos;2.53.1&apos;, revision: &apos;a36b8b1cd5757287168e54b817830adce9b0158d&apos;, time: &apos;2016-06-30 19:26:09&apos;
System info: host: &apos;MININT-UM25UFB&apos;, ip: &apos;10.0.75.1&apos;, os.name: &apos;Windows 10&apos;, os.arch: &apos;amd64&apos;, os.version: &apos;10.0&apos;, java.version: &apos;1.8.0_261&apos;
Driver info: org.openqa.selenium.chrome.ChromeDriver
Capabilities [{mobileEmulationEnabled=false, timeouts={implicit=0, pageLoad=300000, script=30000}, hasTouchScreen=false, platform=XP, acceptSslCerts=false, goog:chromeOptions={debuggerAddress=localhost:55078}, acceptInsecureCerts=false, webStorageEnabled=true, browserName=chrome, takesScreenshot=true, javascriptEnabled=true, setWindowRect=true, unexpectedAlertBehaviour=ignore, applicationCacheEnabled=false, rotatable=false, networkConnectionEnabled=false, chrome={chromedriverVersion=85.0.4183.87 (cd6713ebf92fa1cacc0f1a598df280093af0c5d7-refs/branch-heads/4183@{#1689}), userDataDir=C:\Users\Rajesh\AppData\Local\Temp\scoped_dir3680_1435784058}, takesHeapSnapshot=true, pageLoadStrategy=normal, strictFileInteractability=false, databaseEnabled=false, handlesAlerts=true, version=85.0.4183.121, browserConnectionEnabled=false, proxy={}, nativeEvents=true, locationContextEnabled=true, cssSelectorsEnabled=true, webauthn:virtualAuthenticators=true}]
Session ID: 51f193fe00293206f7d4d1a3eff28b02
	at sun.reflect.NativeConstructorAccessorImpl.newInstance0(Native Method)
	at sun.reflect.NativeConstructorAccessorImpl.newInstance(NativeConstructorAccessorImpl.java:62)
	at sun.reflect.DelegatingConstructorAccessorImpl.newInstance(DelegatingConstructorAccessorImpl.java:45)
	at java.lang.reflect.Constructor.newInstance(Constructor.java:423)
	at org.openqa.selenium.remote.ErrorHandler.createThrowable(ErrorHandler.java:206)
	at org.openqa.selenium.remote.ErrorHandler.throwIfResponseFailed(ErrorHandler.java:158)
	at org.openqa.selenium.remote.RemoteWebDriver.execute(RemoteWebDriver.java:678)
	at org.openqa.selenium.remote.RemoteWebElement.execute(RemoteWebElement.java:327)
	at org.openqa.selenium.remote.RemoteWebElement.click(RemoteWebElement.java:85)
	at sun.reflect.NativeMethodAccessorImpl.invoke0(Native Method)
	at sun.reflect.NativeMethodAccessorImpl.invoke(NativeMethodAccessorImpl.java:62)
	at sun.reflect.DelegatingMethodAccessorImpl.invoke(DelegatingMethodAccessorImpl.java:43)
	at java.lang.reflect.Method.invoke(Method.java:498)
	at org.openqa.selenium.support.pagefactory.internal.LocatingElementHandler.invoke(LocatingElementHandler.java:51)
	at com.sun.proxy.$Proxy11.click(Unknown Source)
	at com.dollardays.testcases.SubmitARequestTestcase.TC1_submitARequestPage(SubmitARequestTestcase.java:50)
	at sun.reflect.NativeMethodAccessorImpl.invoke0(Native Method)
	at sun.reflect.NativeMethodAccessorImpl.invoke(NativeMethodAccessorImpl.java:62)
	at sun.reflect.DelegatingMethodAccessorImpl.invoke(DelegatingMethodAccessorImpl.java:43)
	at java.lang.reflect.Method.invoke(Method.java:498)
	at org.testng.internal.MethodInvocationHelper.invokeMethod(MethodInvocationHelper.java:132)
	at org.testng.internal.TestInvoker.invokeMethod(TestInvoker.java:599)
	at org.testng.internal.TestInvoker.invokeTestMethod(TestInvoker.java:174)
	at org.testng.internal.MethodRunner.runInSequence(MethodRunner.java:46)
	at org.testng.internal.TestInvoker$MethodInvocationAgent.invoke(TestInvoker.java:822)
	at org.testng.internal.TestInvoker.invokeTestMethods(TestInvoker.java:147)
	at org.testng.internal.TestMethodWorker.invokeTestMethods(TestMethodWorker.java:146)
	at org.testng.internal.TestMethodWorker.run(TestMethodWorker.java:128)
	at java.util.concurrent.ThreadPoolExecutor.runWorker(ThreadPoolExecutor.java:1149)
	at java.util.concurrent.ThreadPoolExecutor$Worker.run(ThreadPoolExecutor.java:624)
	at java.lang.Thread.run(Thread.java:748)
</pre></div></td>
<td>13</td>
<td>com.dollardays.testcases.SubmitARequestTestcase@61d47554</td></tr>
<tr>
<td title='com.dollardays.testcases.FavoriteLinkTestcase.TC_02_SortBy_priceLowToHigh()'><b>TC_02_SortBy_priceLowToHigh</b><br>Test class: com.dollardays.testcases.FavoriteLinkTestcase<br>Parameters: {TestCase=Sort price Low to High, Password=cGFzc3dvcmQxMjM=, Runmode=Yes, SheetName=FavLink, UserName=srikanthtesting100@gmail.com, TCID=TC2}</td>
<td><div><pre>java.lang.AssertionError: expected [false] but found [true]
	at com.dollardays.testcases.FavoriteLinkTestcase.TC_02_SortBy_priceLowToHigh(FavoriteLinkTestcase.java:155)
	at java.util.concurrent.ThreadPoolExecutor.runWorker(ThreadPoolExecutor.java:1149)
	at java.util.concurrent.ThreadPoolExecutor$Worker.run(ThreadPoolExecutor.java:624)
	at java.lang.Thread.run(Thread.java:748)
... Removed 16 stack frames</pre></div><a href='#' onClick='toggleBox("stack-trace1942893727", this, "Click to show all stack frames", "Click to hide stack frames")'>Click to show all stack frames</a>
<div class='stack-trace' id='stack-trace1942893727'><pre>java.lang.AssertionError: expected [false] but found [true]
	at org.testng.Assert.fail(Assert.java:99)
	at org.testng.Assert.failNotEquals(Assert.java:1037)
	at org.testng.Assert.assertFalse(Assert.java:67)
	at org.testng.Assert.assertFalse(Assert.java:77)
	at com.dollardays.testcases.FavoriteLinkTestcase.TC_02_SortBy_priceLowToHigh(FavoriteLinkTestcase.java:155)
	at sun.reflect.NativeMethodAccessorImpl.invoke0(Native Method)
	at sun.reflect.NativeMethodAccessorImpl.invoke(NativeMethodAccessorImpl.java:62)
	at sun.reflect.DelegatingMethodAccessorImpl.invoke(DelegatingMethodAccessorImpl.java:43)
	at java.lang.reflect.Method.invoke(Method.java:498)
	at org.testng.internal.MethodInvocationHelper.invokeMethod(MethodInvocationHelper.java:132)
	at org.testng.internal.TestInvoker.invokeMethod(TestInvoker.java:599)
	at org.testng.internal.TestInvoker.invokeTestMethod(TestInvoker.java:174)
	at org.testng.internal.MethodRunner.runInSequence(MethodRunner.java:46)
	at org.testng.internal.TestInvoker$MethodInvocationAgent.invoke(TestInvoker.java:822)
	at org.testng.internal.TestInvoker.invokeTestMethods(TestInvoker.java:147)
	at org.testng.internal.TestMethodWorker.invokeTestMethods(TestMethodWorker.java:146)
	at org.testng.internal.TestMethodWorker.run(TestMethodWorker.java:128)
	at java.util.concurrent.ThreadPoolExecutor.runWorker(ThreadPoolExecutor.java:1149)
	at java.util.concurrent.ThreadPoolExecutor$Worker.run(ThreadPoolExecutor.java:624)
	at java.lang.Thread.run(Thread.java:748)
</pre></div></td>
<td>11</td>
<td>com.dollardays.testcases.FavoriteLinkTestcase@69b794e2</td></tr>
<tr>
<td title='com.dollardays.testcases.FavoriteLinkTestcase.TC_03_SortBy_priceHighToLow()'><b>TC_03_SortBy_priceHighToLow</b><br>Test class: com.dollardays.testcases.FavoriteLinkTestcase<br>Parameters: {TestCase=Sort price High to Low, Password=cGFzc3dvcmQxMjM=, Runmode=Yes, SheetName=FavLink, UserName=srikanthtesting100@gmail.com, TCID=TC3}</td>
<td><div><pre>java.lang.AssertionError: expected [false] but found [true]
	at com.dollardays.testcases.FavoriteLinkTestcase.TC_03_SortBy_priceHighToLow(FavoriteLinkTestcase.java:231)
	at java.util.concurrent.ThreadPoolExecutor.runWorker(ThreadPoolExecutor.java:1149)
	at java.util.concurrent.ThreadPoolExecutor$Worker.run(ThreadPoolExecutor.java:624)
	at java.lang.Thread.run(Thread.java:748)
... Removed 16 stack frames</pre></div><a href='#' onClick='toggleBox("stack-trace270407047", this, "Click to show all stack frames", "Click to hide stack frames")'>Click to show all stack frames</a>
<div class='stack-trace' id='stack-trace270407047'><pre>java.lang.AssertionError: expected [false] but found [true]
	at org.testng.Assert.fail(Assert.java:99)
	at org.testng.Assert.failNotEquals(Assert.java:1037)
	at org.testng.Assert.assertFalse(Assert.java:67)
	at org.testng.Assert.assertFalse(Assert.java:77)
	at com.dollardays.testcases.FavoriteLinkTestcase.TC_03_SortBy_priceHighToLow(FavoriteLinkTestcase.java:231)
	at sun.reflect.NativeMethodAccessorImpl.invoke0(Native Method)
	at sun.reflect.NativeMethodAccessorImpl.invoke(NativeMethodAccessorImpl.java:62)
	at sun.reflect.DelegatingMethodAccessorImpl.invoke(DelegatingMethodAccessorImpl.java:43)
	at java.lang.reflect.Method.invoke(Method.java:498)
	at org.testng.internal.MethodInvocationHelper.invokeMethod(MethodInvocationHelper.java:132)
	at org.testng.internal.TestInvoker.invokeMethod(TestInvoker.java:599)
	at org.testng.internal.TestInvoker.invokeTestMethod(TestInvoker.java:174)
	at org.testng.internal.MethodRunner.runInSequence(MethodRunner.java:46)
	at org.testng.internal.TestInvoker$MethodInvocationAgent.invoke(TestInvoker.java:822)
	at org.testng.internal.TestInvoker.invokeTestMethods(TestInvoker.java:147)
	at org.testng.internal.TestMethodWorker.invokeTestMethods(TestMethodWorker.java:146)
	at org.testng.internal.TestMethodWorker.run(TestMethodWorker.java:128)
	at java.util.concurrent.ThreadPoolExecutor.runWorker(ThreadPoolExecutor.java:1149)
	at java.util.concurrent.ThreadPoolExecutor$Worker.run(ThreadPoolExecutor.java:624)
	at java.lang.Thread.run(Thread.java:748)
</pre></div></td>
<td>9</td>
<td>com.dollardays.testcases.FavoriteLinkTestcase@69b794e2</td></tr>
</table><p>
<table width='100%' border='1' class='invocation-passed'>
<tr><td colspan='4' align='center'><b>PASSED TESTS</b></td></tr>
<tr><td><b>Test method</b></td>
<td width="30%"><b>Exception</b></td>
<td width="10%"><b>Time (seconds)</b></td>
<td><b>Instance</b></td>
</tr>
<tr>
<td title='com.dollardays.testcases.SubmitARequestTestcase.TC2_findallLinks_submitRequestPage()'><b>TC2_findallLinks_submitRequestPage</b><br>Test class: com.dollardays.testcases.SubmitARequestTestcase<br>Parameters: {TestCase=Submit A Request with valid data , TCID=TC1, SheetName=SubmitRequestPage, Runmode=yes , Order Number=7890, UserName=srikanthtesting100@gmail.com, Phone Number=8090900890, Password=cGFzc3dvcmQxMjM=, Message=This product has damage, Select RequestType=Damage}</td>
<td></td>
<td>26</td>
<td>com.dollardays.testcases.SubmitARequestTestcase@61d47554</td></tr>
<tr>
<td title='com.dollardays.testcases.SubmitARequestTestcase.TC3_helpmessage_submitRequestPage()'><b>TC3_helpmessage_submitRequestPage</b><br>Test class: com.dollardays.testcases.SubmitARequestTestcase<br>Parameters: {TestCase=Submit A Request with valid data , TCID=TC1, SheetName=SubmitRequestPage, Runmode=yes , Order Number=7890, UserName=srikanthtesting100@gmail.com, Phone Number=8090900890, Password=cGFzc3dvcmQxMjM=, Message=This product has damage, Select RequestType=Damage}</td>
<td></td>
<td>9</td>
<td>com.dollardays.testcases.SubmitARequestTestcase@61d47554</td></tr>
<tr>
<td title='com.dollardays.testcases.FavoriteLinkTestcase.TC_01_addToCart()'><b>TC_01_addToCart</b><br>Test class: com.dollardays.testcases.FavoriteLinkTestcase<br>Parameters: {TestCase=Add to Cart, Password=cGFzc3dvcmQxMjM=, Runmode=Yes, SheetName=FavLink, UserName=srikanthtesting100@gmail.com, TCID=TC1}</td>
<td></td>
<td>14</td>
<td>com.dollardays.testcases.FavoriteLinkTestcase@69b794e2</td></tr>
<tr>
<td title='com.dollardays.testcases.MenuTestcase.verifyBabyTest()'><b>verifyBabyTest</b><br>Test class: com.dollardays.testcases.MenuTestcase<br>Parameters: null</td>
<td></td>
<td>0</td>
<td>com.dollardays.testcases.MenuTestcase@3f200884</td></tr>
<tr>
<td title='com.dollardays.testcases.MenuTestcase.verifyElementsOnfAQsTest()'><b>verifyElementsOnfAQsTest</b><br>Test class: com.dollardays.testcases.MenuTestcase<br>Parameters: null</td>
<td></td>
<td>3</td>
<td>com.dollardays.testcases.MenuTestcase@3f200884</td></tr>
<tr>
<td title='com.dollardays.testcases.MenuTestcase.verifyForwardBackpacksTest()'><b>verifyForwardBackpacksTest</b><br>Test class: com.dollardays.testcases.MenuTestcase<br>Parameters: null</td>
<td></td>
<td>3</td>
<td>com.dollardays.testcases.MenuTestcase@3f200884</td></tr>
<tr>
<td title='com.dollardays.testcases.MenuTestcase.verifyMaskSanitizerPPETest()'><b>verifyMaskSanitizerPPETest</b><br>Test class: com.dollardays.testcases.MenuTestcase<br>Parameters: null</td>
<td></td>
<td>3</td>
<td>com.dollardays.testcases.MenuTestcase@3f200884</td></tr>
<tr>
<td title='com.dollardays.testcases.MenuTestcase.verifyMenuItemsTest()'><b>verifyMenuItemsTest</b><br>Test class: com.dollardays.testcases.MenuTestcase<br>Parameters: null</td>
<td></td>
<td>2</td>
<td>com.dollardays.testcases.MenuTestcase@3f200884</td></tr>
<tr>
<td title='com.dollardays.testcases.MenuTestcase.verifyfAQsTest()'><b>verifyfAQsTest</b><br>Test class: com.dollardays.testcases.MenuTestcase<br>Parameters: null</td>
<td></td>
<td>3</td>
<td>com.dollardays.testcases.MenuTestcase@3f200884</td></tr>
</table><p>
</body>
</html>