<!DOCTYPE html PUBLIC "-//W3C//DTD XHTML 1.1//EN" "https://www.w3.org/TR/xhtml11/DTD/xhtml11.dtd">
<html xmlns="https://www.w3.org/1999/xhtml">
<head>
<meta http-equiv="content-type" content="text/html; charset=UTF-8"/>
<title>TestNG Report</title>
<style type="text/css">table {margin-bottom:10px;border-collapse:collapse;empty-cells:show}th,td {border:1px solid #009;padding:.25em .5em}th {vertical-align:bottom}td {vertical-align:top}table a {font-weight:bold}.stripe td {background-color: #E6EBF9}.num {text-align:right}.passedodd td {background-color: #3F3}.passedeven td {background-color: #0A0}.skippedodd td {background-color: #DDD}.skippedeven td {background-color: #CCC}.failedodd td,.attn {background-color: #F33}.failedeven td,.stripe .attn {background-color: #D00}.stacktrace {white-space:pre;font-family:monospace}.totop {font-size:85%;text-align:center;border-bottom:2px solid #000}.invisible {display:none}</style>
</head>
<body>
<table>
<tr><th>Test</th><th># Passed</th><th># Skipped</th><th># Retried</th><th># Failed</th><th>Time (ms)</th><th>Included Groups</th><th>Excluded Groups</th></tr>
<tr><th colspan="8">Suite</th></tr>
<tr><td><a href="#t0">Dollar Days Test</a></td><td class="num">9</td><td class="num">0</td><td class="num">0</td><td class="num attn">3</td><td class="num">191,605</td><td></td><td></td></tr>
</table>
<table id='summary'><thead><tr><th>Class</th><th>Method</th><th>Start</th><th>Time (ms)</th></tr></thead><tbody><tr><th colspan="4">Suite</th></tr></tbody><tbody id="t0"><tr><th colspan="4">Dollar Days Test &#8212; failed</th></tr><tr class="failedeven"><td rowspan="2">com.dollardays.testcases.FavoriteLinkTestcase</td><td><a href="#m0">TC_02_SortBy_priceLowToHigh</a></td><td rowspan="1">1602879417318</td><td rowspan="1">3992</td></tr><tr class="failedeven"><td><a href="#m1">TC_03_SortBy_priceHighToLow</a></td><td rowspan="1">1602879431081</td><td rowspan="1">8989</td></tr><tr class="failedodd"><td rowspan="1">com.dollardays.testcases.SubmitARequestTestcase</td><td><a href="#m2">TC3_helpmessage_submitRequestPage</a></td><td rowspan="1">1602879383589</td><td rowspan="1">2124</td></tr><tr><th colspan="4">Dollar Days Test &#8212; passed</th></tr><tr class="passedeven"><td rowspan="1">com.dollardays.testcases.FavoriteLinkTestcase</td><td><a href="#m3">TC_01_addToCart</a></td><td rowspan="1">1602879395347</td><td rowspan="1">11631</td></tr><tr class="passedodd"><td rowspan="6">com.dollardays.testcases.MenuTestcase</td><td><a href="#m4">verifyBabyTest</a></td><td rowspan="1">1602879487583</td><td rowspan="1">993</td></tr><tr class="passedodd"><td><a href="#m5">verifyElementsOnfAQsTest</a></td><td rowspan="1">1602879511301</td><td rowspan="1">3503</td></tr><tr class="passedodd"><td><a href="#m6">verifyForwardBackpacksTest</a></td><td rowspan="1">1602879474695</td><td rowspan="1">2770</td></tr><tr class="passedodd"><td><a href="#m7">verifyMaskSanitizerPPETest</a></td><td rowspan="1">1602879462167</td><td rowspan="1">2782</td></tr><tr class="passedodd"><td><a href="#m8">verifyMenuItemsTest</a></td><td rowspan="1">1602879449947</td><td rowspan="1">1314</td></tr><tr class="passedodd"><td><a href="#m9">verifyfAQsTest</a></td><td rowspan="1">1602879498299</td><td rowspan="1">2304</td></tr><tr class="passedeven"><td rowspan="2">com.dollardays.testcases.SubmitARequestTestcase</td><td><a href="#m10">TC1_submitARequestPage</a></td><td rowspan="1">1602879334321</td><td rowspan="1">9887</td></tr><tr class="passedeven"><td><a href="#m11">TC2_findallLinks_submitRequestPage</a></td><td rowspan="1">1602879353600</td><td rowspan="1">19336</td></tr></tbody>
</table>
<h2>Dollar Days Test</h2><h3 id="m0">com.dollardays.testcases.FavoriteLinkTestcase#TC_02_SortBy_priceLowToHigh</h3><table class="result"><tr class="param"><th>Parameter #1</th></tr><tr class="param stripe"><td>{TestCase=Sort price Low to High, Password=cGFzc3dvcmQxMjM=, Runmode=Yes, SheetName=FavLink, UserName=srikanthtesting100@gmail.com, TCID=TC2}</td></tr><tr><th>Exception</th></tr><tr><td><div class="stacktrace">java.lang.AssertionError:  Successfully Logged into the HomePage expected [DollarDays | Bulk Goods for Nonprofits, Businesses &amp; Schools | Wholesale Products] but found [Login or Register - DollarDays]
	at com.dollardays.pages.LoginPage.login(LoginPage.java:85)
	at com.dollardays.testcases.FavoriteLinkTestcase.TC_02_SortBy_priceLowToHigh(FavoriteLinkTestcase.java:95)
	at java.util.ArrayList.forEach(ArrayList.java:1259)
... Removed 32 stack frames</div></td></tr></table><p class="totop"><a href="#summary">back to summary</a></p>
<h3 id="m1">com.dollardays.testcases.FavoriteLinkTestcase#TC_03_SortBy_priceHighToLow</h3><table class="result"><tr class="param"><th>Parameter #1</th></tr><tr class="param stripe"><td>{TestCase=Sort price High to Low, Password=cGFzc3dvcmQxMjM=, Runmode=Yes, SheetName=FavLink, UserName=srikanthtesting100@gmail.com, TCID=TC3}</td></tr><tr><th>Exception</th></tr><tr><td><div class="stacktrace">java.lang.AssertionError: expected [false] but found [true]
	at com.dollardays.testcases.FavoriteLinkTestcase.TC_03_SortBy_priceHighToLow(FavoriteLinkTestcase.java:231)
	at java.util.ArrayList.forEach(ArrayList.java:1259)
... Removed 31 stack frames</div></td></tr></table><p class="totop"><a href="#summary">back to summary</a></p>
<h3 id="m2">com.dollardays.testcases.SubmitARequestTestcase#TC3_helpmessage_submitRequestPage</h3><table class="result"><tr class="param"><th>Parameter #1</th></tr><tr class="param stripe"><td>{TestCase=Submit A Request with valid data , TCID=TC1, SheetName=SubmitRequestPage, Runmode=yes , Order Number=7890, UserName=srikanthtesting100@gmail.com, Phone Number=8090900890, Password=cGFzc3dvcmQxMjM=, Message=This product has damage, Select RequestType=Damage}</td></tr><tr><th>Exception</th></tr><tr><td><div class="stacktrace">org.openqa.selenium.ElementNotVisibleException: element not interactable
  (Session info: chrome=86.0.4240.75)
  (Driver info: chromedriver=86.0.4240.22 (398b0743353ff36fb1b82468f63a3a93b4e2e89e-refs/branch-heads/4240@{#378}),platform=Windows NT 10.0.18362 x86_64) (WARNING: The server did not provide any stacktrace information)
Command duration or timeout: 22 milliseconds
Build info: version: &apos;2.53.1&apos;, revision: &apos;a36b8b1cd5757287168e54b817830adce9b0158d&apos;, time: &apos;2016-06-30 19:26:09&apos;
System info: host: &apos;MININT-UM25UFB&apos;, ip: &apos;10.0.75.1&apos;, os.name: &apos;Windows 10&apos;, os.arch: &apos;amd64&apos;, os.version: &apos;10.0&apos;, java.version: &apos;1.8.0_261&apos;
Driver info: org.openqa.selenium.chrome.ChromeDriver
Capabilities [{mobileEmulationEnabled=false, timeouts={implicit=0, pageLoad=300000, script=30000}, hasTouchScreen=false, platform=XP, acceptSslCerts=false, goog:chromeOptions={debuggerAddress=localhost:55582}, acceptInsecureCerts=false, webStorageEnabled=true, browserName=chrome, takesScreenshot=true, javascriptEnabled=true, setWindowRect=true, unexpectedAlertBehaviour=ignore, applicationCacheEnabled=false, rotatable=false, networkConnectionEnabled=false, chrome={chromedriverVersion=86.0.4240.22 (398b0743353ff36fb1b82468f63a3a93b4e2e89e-refs/branch-heads/4240@{#378}), userDataDir=C:\Users\Rajesh\AppData\Local\Temp\scoped_dir13324_860135489}, takesHeapSnapshot=true, pageLoadStrategy=normal, strictFileInteractability=false, databaseEnabled=false, handlesAlerts=true, version=86.0.4240.75, browserConnectionEnabled=false, proxy={}, nativeEvents=true, locationContextEnabled=true, cssSelectorsEnabled=true, webauthn:virtualAuthenticators=true}]
Session ID: 4209142e4bbf25265fd829c1ce509bec
	at org.openqa.selenium.remote.ErrorHandler.createThrowable(ErrorHandler.java:206)
	at org.openqa.selenium.remote.ErrorHandler.throwIfResponseFailed(ErrorHandler.java:158)
	at org.openqa.selenium.remote.RemoteWebDriver.execute(RemoteWebDriver.java:678)
	at org.openqa.selenium.remote.RemoteWebElement.execute(RemoteWebElement.java:327)
	at org.openqa.selenium.remote.RemoteWebElement.click(RemoteWebElement.java:85)
	at org.openqa.selenium.support.pagefactory.internal.LocatingElementHandler.invoke(LocatingElementHandler.java:51)
	at com.sun.proxy.$Proxy11.click(Unknown Source)
	at com.dollardays.pages.LoginPage.login(LoginPage.java:77)
	at com.dollardays.testcases.SubmitARequestTestcase.TC3_helpmessage_submitRequestPage(SubmitARequestTestcase.java:102)
	at java.util.ArrayList.forEach(ArrayList.java:1259)
... Removed 35 stack frames</div></td></tr></table><p class="totop"><a href="#summary">back to summary</a></p>
<h3 id="m3">com.dollardays.testcases.FavoriteLinkTestcase#TC_01_addToCart</h3><table class="result"><tr class="param"><th>Parameter #1</th></tr><tr class="param stripe"><td>{TestCase=Add to Cart, Password=cGFzc3dvcmQxMjM=, Runmode=Yes, SheetName=FavLink, UserName=srikanthtesting100@gmail.com, TCID=TC1}</td></tr></table><p class="totop"><a href="#summary">back to summary</a></p>
<h3 id="m4">com.dollardays.testcases.MenuTestcase#verifyBabyTest</h3><table class="result"><tr class="param"><th>Parameter #1</th></tr><tr class="param stripe"><td>null</td></tr></table><p class="totop"><a href="#summary">back to summary</a></p>
<h3 id="m5">com.dollardays.testcases.MenuTestcase#verifyElementsOnfAQsTest</h3><table class="result"><tr class="param"><th>Parameter #1</th></tr><tr class="param stripe"><td>null</td></tr></table><p class="totop"><a href="#summary">back to summary</a></p>
<h3 id="m6">com.dollardays.testcases.MenuTestcase#verifyForwardBackpacksTest</h3><table class="result"><tr class="param"><th>Parameter #1</th></tr><tr class="param stripe"><td>null</td></tr></table><p class="totop"><a href="#summary">back to summary</a></p>
<h3 id="m7">com.dollardays.testcases.MenuTestcase#verifyMaskSanitizerPPETest</h3><table class="result"><tr class="param"><th>Parameter #1</th></tr><tr class="param stripe"><td>null</td></tr></table><p class="totop"><a href="#summary">back to summary</a></p>
<h3 id="m8">com.dollardays.testcases.MenuTestcase#verifyMenuItemsTest</h3><table class="result"><tr class="param"><th>Parameter #1</th></tr><tr class="param stripe"><td>null</td></tr></table><p class="totop"><a href="#summary">back to summary</a></p>
<h3 id="m9">com.dollardays.testcases.MenuTestcase#verifyfAQsTest</h3><table class="result"><tr class="param"><th>Parameter #1</th></tr><tr class="param stripe"><td>null</td></tr></table><p class="totop"><a href="#summary">back to summary</a></p>
<h3 id="m10">com.dollardays.testcases.SubmitARequestTestcase#TC1_submitARequestPage</h3><table class="result"><tr class="param"><th>Parameter #1</th></tr><tr class="param stripe"><td>{TestCase=Submit A Request with valid data , TCID=TC1, SheetName=SubmitRequestPage, Runmode=yes , Order Number=7890, UserName=srikanthtesting100@gmail.com, Phone Number=8090900890, Password=cGFzc3dvcmQxMjM=, Message=This product has damage, Select RequestType=Damage}</td></tr></table><p class="totop"><a href="#summary">back to summary</a></p>
<h3 id="m11">com.dollardays.testcases.SubmitARequestTestcase#TC2_findallLinks_submitRequestPage</h3><table class="result"><tr class="param"><th>Parameter #1</th></tr><tr class="param stripe"><td>{TestCase=Submit A Request with valid data , TCID=TC1, SheetName=SubmitRequestPage, Runmode=yes , Order Number=7890, UserName=srikanthtesting100@gmail.com, Phone Number=8090900890, Password=cGFzc3dvcmQxMjM=, Message=This product has damage, Select RequestType=Damage}</td></tr></table><p class="totop"><a href="#summary">back to summary</a></p>
</body>
</html>
