<?xml version="1.0" encoding="UTF-8"?>
<testng-results skipped="0" failed="2" ignored="0" total="3" passed="1">
  <reporter-output>
  </reporter-output>
  <suite name="Suite" duration-ms="64895" started-at="2020-10-05T21:56:28 EDT" finished-at="2020-10-05T21:57:33 EDT">
    <groups>
    </groups>
    <test name="Dollar Days Test" duration-ms="64895" started-at="2020-10-05T21:56:28 EDT" finished-at="2020-10-05T21:57:33 EDT">
      <class name="com.dollardays.testcases.FavoriteLinkTestcase">
        <test-method status="PASS" signature="beforeClass()[pri:0, instance:com.dollardays.testcases.FavoriteLinkTestcase@6a472554]" name="beforeClass" is-config="true" duration-ms="14" started-at="2020-10-05T21:56:28 EDT" finished-at="2020-10-05T21:56:28 EDT">
          <reporter-output>
          </reporter-output>
        </test-method> <!-- beforeClass -->
        <test-method status="PASS" signature="setUpBrowser()[pri:0, instance:com.dollardays.testcases.FavoriteLinkTestcase@6a472554]" name="setUpBrowser" is-config="true" duration-ms="13493" started-at="2020-10-05T21:56:29 EDT" finished-at="2020-10-05T21:56:42 EDT">
          <reporter-output>
          </reporter-output>
        </test-method> <!-- setUpBrowser -->
        <test-method status="PASS" signature="TC_01_addToCart(java.util.Hashtable)[pri:0, instance:com.dollardays.testcases.FavoriteLinkTestcase@6a472554]" name="TC_01_addToCart" duration-ms="11613" started-at="2020-10-05T21:56:42 EDT" data-provider="dd-dataprovider" finished-at="2020-10-05T21:56:54 EDT">
          <params>
            <param index="0">
              <value>
                <![CDATA[{TestCase=Add to Cart, Password=cGFzc3dvcmQxMjM=, Runmode=Yes, SheetName=FavLink, UserName=srikanthtesting100@gmail.com, TCID=TC1}]]>
              </value>
            </param>
          </params>
          <reporter-output>
          </reporter-output>
        </test-method> <!-- TC_01_addToCart -->
        <test-method status="PASS" signature="quit()[pri:0, instance:com.dollardays.testcases.FavoriteLinkTestcase@6a472554]" name="quit" is-config="true" duration-ms="1124" started-at="2020-10-05T21:56:54 EDT" finished-at="2020-10-05T21:56:55 EDT">
          <reporter-output>
          </reporter-output>
        </test-method> <!-- quit -->
        <test-method status="PASS" signature="setUpBrowser()[pri:0, instance:com.dollardays.testcases.FavoriteLinkTestcase@6a472554]" name="setUpBrowser" is-config="true" duration-ms="9283" started-at="2020-10-05T21:56:55 EDT" finished-at="2020-10-05T21:57:04 EDT">
          <reporter-output>
          </reporter-output>
        </test-method> <!-- setUpBrowser -->
        <test-method status="FAIL" signature="TC_02_SortBy_priceLowToHigh(java.util.Hashtable)[pri:0, instance:com.dollardays.testcases.FavoriteLinkTestcase@6a472554]" name="TC_02_SortBy_priceLowToHigh" duration-ms="8706" started-at="2020-10-05T21:57:04 EDT" data-provider="dd-dataprovider" finished-at="2020-10-05T21:57:13 EDT">
          <params>
            <param index="0">
              <value>
                <![CDATA[{TestCase=Sort price Low to High, Password=cGFzc3dvcmQxMjM=, Runmode=Yes, SheetName=FavLink, UserName=srikanthtesting100@gmail.com, TCID=TC2}]]>
              </value>
            </param>
          </params>
          <exception class="java.lang.AssertionError">
            <message>
              <![CDATA[expected [false] but found [true]]]>
            </message>
            <full-stacktrace>
              <![CDATA[java.lang.AssertionError: expected [false] but found [true]
at org.testng.Assert.fail(Assert.java:99)
at org.testng.Assert.failNotEquals(Assert.java:1037)
at org.testng.Assert.assertFalse(Assert.java:67)
at org.testng.Assert.assertFalse(Assert.java:77)
at com.dollardays.testcases.FavoriteLinkTestcase.TC_02_SortBy_priceLowToHigh(FavoriteLinkTestcase.java:155)
at sun.reflect.NativeMethodAccessorImpl.invoke0(Native Method)
at sun.reflect.NativeMethodAccessorImpl.invoke(NativeMethodAccessorImpl.java:62)
at sun.reflect.DelegatingMethodAccessorImpl.invoke(DelegatingMethodAccessorImpl.java:43)
at java.lang.reflect.Method.invoke(Method.java:498)
at org.testng.internal.MethodInvocationHelper.invokeMethod(MethodInvocationHelper.java:132)
at org.testng.internal.TestInvoker.invokeMethod(TestInvoker.java:599)
at org.testng.internal.TestInvoker.invokeTestMethod(TestInvoker.java:174)
at org.testng.internal.MethodRunner.runInSequence(MethodRunner.java:46)
at org.testng.internal.TestInvoker$MethodInvocationAgent.invoke(TestInvoker.java:822)
at org.testng.internal.TestInvoker.invokeTestMethods(TestInvoker.java:147)
at org.testng.internal.TestMethodWorker.invokeTestMethods(TestMethodWorker.java:146)
at org.testng.internal.TestMethodWorker.run(TestMethodWorker.java:128)
at java.util.ArrayList.forEach(ArrayList.java:1259)
at org.testng.TestRunner.privateRun(TestRunner.java:764)
at org.testng.TestRunner.run(TestRunner.java:585)
at org.testng.SuiteRunner.runTest(SuiteRunner.java:384)
at org.testng.SuiteRunner.runSequentially(SuiteRunner.java:378)
at org.testng.SuiteRunner.privateRun(SuiteRunner.java:337)
at org.testng.SuiteRunner.run(SuiteRunner.java:286)
at org.testng.SuiteRunnerWorker.runSuite(SuiteRunnerWorker.java:53)
at org.testng.SuiteRunnerWorker.run(SuiteRunnerWorker.java:96)
at org.testng.TestNG.runSuitesSequentially(TestNG.java:1218)
at org.testng.TestNG.runSuitesLocally(TestNG.java:1140)
at org.testng.TestNG.runSuites(TestNG.java:1069)
at org.testng.TestNG.run(TestNG.java:1037)
at org.testng.remote.AbstractRemoteTestNG.run(AbstractRemoteTestNG.java:115)
at org.testng.remote.RemoteTestNG.initAndRun(RemoteTestNG.java:251)
at org.testng.remote.RemoteTestNG.main(RemoteTestNG.java:77)
]]>
            </full-stacktrace>
          </exception> <!-- java.lang.AssertionError -->
          <reporter-output>
          </reporter-output>
        </test-method> <!-- TC_02_SortBy_priceLowToHigh -->
        <test-method status="PASS" signature="quit()[pri:0, instance:com.dollardays.testcases.FavoriteLinkTestcase@6a472554]" name="quit" is-config="true" duration-ms="837" started-at="2020-10-05T21:57:13 EDT" finished-at="2020-10-05T21:57:14 EDT">
          <reporter-output>
          </reporter-output>
        </test-method> <!-- quit -->
        <test-method status="PASS" signature="setUpBrowser()[pri:0, instance:com.dollardays.testcases.FavoriteLinkTestcase@6a472554]" name="setUpBrowser" is-config="true" duration-ms="9090" started-at="2020-10-05T21:57:14 EDT" finished-at="2020-10-05T21:57:23 EDT">
          <reporter-output>
          </reporter-output>
        </test-method> <!-- setUpBrowser -->
        <test-method status="FAIL" signature="TC_03_SortBy_priceHighToLow(java.util.Hashtable)[pri:0, instance:com.dollardays.testcases.FavoriteLinkTestcase@6a472554]" name="TC_03_SortBy_priceHighToLow" duration-ms="9012" started-at="2020-10-05T21:57:23 EDT" data-provider="dd-dataprovider" finished-at="2020-10-05T21:57:32 EDT">
          <params>
            <param index="0">
              <value>
                <![CDATA[{TestCase=Sort price High to Low, Password=cGFzc3dvcmQxMjM=, Runmode=Yes, SheetName=FavLink, UserName=srikanthtesting100@gmail.com, TCID=TC3}]]>
              </value>
            </param>
          </params>
          <exception class="java.lang.AssertionError">
            <message>
              <![CDATA[expected [false] but found [true]]]>
            </message>
            <full-stacktrace>
              <![CDATA[java.lang.AssertionError: expected [false] but found [true]
at org.testng.Assert.fail(Assert.java:99)
at org.testng.Assert.failNotEquals(Assert.java:1037)
at org.testng.Assert.assertFalse(Assert.java:67)
at org.testng.Assert.assertFalse(Assert.java:77)
at com.dollardays.testcases.FavoriteLinkTestcase.TC_03_SortBy_priceHighToLow(FavoriteLinkTestcase.java:231)
at sun.reflect.NativeMethodAccessorImpl.invoke0(Native Method)
at sun.reflect.NativeMethodAccessorImpl.invoke(NativeMethodAccessorImpl.java:62)
at sun.reflect.DelegatingMethodAccessorImpl.invoke(DelegatingMethodAccessorImpl.java:43)
at java.lang.reflect.Method.invoke(Method.java:498)
at org.testng.internal.MethodInvocationHelper.invokeMethod(MethodInvocationHelper.java:132)
at org.testng.internal.TestInvoker.invokeMethod(TestInvoker.java:599)
at org.testng.internal.TestInvoker.invokeTestMethod(TestInvoker.java:174)
at org.testng.internal.MethodRunner.runInSequence(MethodRunner.java:46)
at org.testng.internal.TestInvoker$MethodInvocationAgent.invoke(TestInvoker.java:822)
at org.testng.internal.TestInvoker.invokeTestMethods(TestInvoker.java:147)
at org.testng.internal.TestMethodWorker.invokeTestMethods(TestMethodWorker.java:146)
at org.testng.internal.TestMethodWorker.run(TestMethodWorker.java:128)
at java.util.ArrayList.forEach(ArrayList.java:1259)
at org.testng.TestRunner.privateRun(TestRunner.java:764)
at org.testng.TestRunner.run(TestRunner.java:585)
at org.testng.SuiteRunner.runTest(SuiteRunner.java:384)
at org.testng.SuiteRunner.runSequentially(SuiteRunner.java:378)
at org.testng.SuiteRunner.privateRun(SuiteRunner.java:337)
at org.testng.SuiteRunner.run(SuiteRunner.java:286)
at org.testng.SuiteRunnerWorker.runSuite(SuiteRunnerWorker.java:53)
at org.testng.SuiteRunnerWorker.run(SuiteRunnerWorker.java:96)
at org.testng.TestNG.runSuitesSequentially(TestNG.java:1218)
at org.testng.TestNG.runSuitesLocally(TestNG.java:1140)
at org.testng.TestNG.runSuites(TestNG.java:1069)
at org.testng.TestNG.run(TestNG.java:1037)
at org.testng.remote.AbstractRemoteTestNG.run(AbstractRemoteTestNG.java:115)
at org.testng.remote.RemoteTestNG.initAndRun(RemoteTestNG.java:251)
at org.testng.remote.RemoteTestNG.main(RemoteTestNG.java:77)
]]>
            </full-stacktrace>
          </exception> <!-- java.lang.AssertionError -->
          <reporter-output>
          </reporter-output>
        </test-method> <!-- TC_03_SortBy_priceHighToLow -->
        <test-method status="PASS" signature="quit()[pri:0, instance:com.dollardays.testcases.FavoriteLinkTestcase@6a472554]" name="quit" is-config="true" duration-ms="777" started-at="2020-10-05T21:57:32 EDT" finished-at="2020-10-05T21:57:33 EDT">
          <reporter-output>
          </reporter-output>
        </test-method> <!-- quit -->
        <test-method status="PASS" signature="afterClass()[pri:0, instance:com.dollardays.testcases.FavoriteLinkTestcase@6a472554]" name="afterClass" is-config="true" duration-ms="0" started-at="2020-10-05T21:57:33 EDT" finished-at="2020-10-05T21:57:33 EDT">
          <reporter-output>
          </reporter-output>
        </test-method> <!-- afterClass -->
      </class> <!-- com.dollardays.testcases.FavoriteLinkTestcase -->
    </test> <!-- Dollar Days Test -->
  </suite> <!-- Suite -->
</testng-results>
